  [1m[35m (288.9ms)[0m  [1m[35mCREATE DATABASE "MusicApp_development" ENCODING = 'unicode'[0m
  ↳ bin/rails:9
  [1m[35m (178.4ms)[0m  [1m[35mCREATE DATABASE "MusicApp_test" ENCODING = 'unicode'[0m
  ↳ bin/rails:9
  [1m[35m (49.1ms)[0m  [1m[35mCREATE TABLE "schema_migrations" ("version" character varying NOT NULL PRIMARY KEY)[0m
  ↳ bin/rails:9
  [1m[35m (44.4ms)[0m  [1m[35mCREATE TABLE "ar_internal_metadata" ("key" character varying NOT NULL PRIMARY KEY, "value" character varying, "created_at" timestamp NOT NULL, "updated_at" timestamp NOT NULL)[0m
  ↳ bin/rails:9
  [1m[35m (0.2ms)[0m  [1m[34mSELECT pg_try_advisory_lock(1555902080779534005)[0m
  ↳ bin/rails:9
  [1m[35m (0.8ms)[0m  [1m[34mSELECT "schema_migrations"."version" FROM "schema_migrations" ORDER BY "schema_migrations"."version" ASC[0m
  ↳ bin/rails:9
Migrating to CreateUsers (20210817203537)
  [1m[35m (0.2ms)[0m  [1m[35mBEGIN[0m
  ↳ bin/rails:9
  [1m[35m (47.5ms)[0m  [1m[35mCREATE TABLE "users" ("id" bigserial primary key, "email" character varying NOT NULL, "pasword_digest" character varying NOT NULL, "session_token" character varying NOT NULL, "created_at" timestamp NOT NULL, "updated_at" timestamp NOT NULL)[0m
  ↳ db/migrate/20210817203537_create_users.rb:3
  [1m[35m (1.1ms)[0m  [1m[35mCREATE UNIQUE INDEX  "index_users_on_email" ON "users"  ("email")[0m
  ↳ db/migrate/20210817203537_create_users.rb:10
  [1m[35m (2.7ms)[0m  [1m[35mCREATE  INDEX  "index_users_on_session_token" ON "users"  ("session_token")[0m
  ↳ db/migrate/20210817203537_create_users.rb:11
  [1m[36mActiveRecord::SchemaMigration Create (1.0ms)[0m  [1m[32mINSERT INTO "schema_migrations" ("version") VALUES ($1) RETURNING "version"[0m  [["version", "20210817203537"]]
  ↳ bin/rails:9
  [1m[35m (2.0ms)[0m  [1m[35mCOMMIT[0m
  ↳ bin/rails:9
  [1m[36mActiveRecord::InternalMetadata Load (0.7ms)[0m  [1m[34mSELECT  "ar_internal_metadata".* FROM "ar_internal_metadata" WHERE "ar_internal_metadata"."key" = $1 LIMIT $2[0m  [["key", "environment"], ["LIMIT", 1]]
  ↳ bin/rails:9
  [1m[35m (0.1ms)[0m  [1m[35mBEGIN[0m
  ↳ bin/rails:9
  [1m[36mActiveRecord::InternalMetadata Create (0.6ms)[0m  [1m[32mINSERT INTO "ar_internal_metadata" ("key", "value", "created_at", "updated_at") VALUES ($1, $2, $3, $4) RETURNING "key"[0m  [["key", "environment"], ["value", "development"], ["created_at", "2021-08-17 20:39:49.121939"], ["updated_at", "2021-08-17 20:39:49.121939"]]
  ↳ bin/rails:9
  [1m[35m (28.5ms)[0m  [1m[35mCOMMIT[0m
  ↳ bin/rails:9
  [1m[35m (0.3ms)[0m  [1m[34mSELECT pg_advisory_unlock(1555902080779534005)[0m
  ↳ bin/rails:9
  [1m[35m (0.3ms)[0m  [1m[34mSELECT "schema_migrations"."version" FROM "schema_migrations" ORDER BY "schema_migrations"."version" ASC[0m
  ↳ bin/rails:9
  [1m[35m (0.2ms)[0m  [1m[34mSELECT pg_try_advisory_lock(1555902080779534005)[0m
  ↳ bin/rails:9
  [1m[35m (1.2ms)[0m  [1m[34mSELECT "schema_migrations"."version" FROM "schema_migrations" ORDER BY "schema_migrations"."version" ASC[0m
  ↳ bin/rails:9
Migrating to Rename (20210817221838)
  [1m[35m (0.2ms)[0m  [1m[35mBEGIN[0m
  ↳ bin/rails:9
  [1m[35m (0.9ms)[0m  [1m[35mALTER TABLE "users" RENAME COLUMN "pasword_digest" TO "password_digest"[0m
  ↳ db/migrate/20210817221838_rename.rb:3
  [1m[36mActiveRecord::SchemaMigration Create (0.6ms)[0m  [1m[32mINSERT INTO "schema_migrations" ("version") VALUES ($1) RETURNING "version"[0m  [["version", "20210817221838"]]
  ↳ bin/rails:9
  [1m[35m (1.8ms)[0m  [1m[35mCOMMIT[0m
  ↳ bin/rails:9
  [1m[36mActiveRecord::InternalMetadata Load (0.4ms)[0m  [1m[34mSELECT  "ar_internal_metadata".* FROM "ar_internal_metadata" WHERE "ar_internal_metadata"."key" = $1 LIMIT $2[0m  [["key", "environment"], ["LIMIT", 1]]
  ↳ bin/rails:9
  [1m[35m (0.2ms)[0m  [1m[35mBEGIN[0m
  ↳ bin/rails:9
  [1m[35m (0.2ms)[0m  [1m[35mCOMMIT[0m
  ↳ bin/rails:9
  [1m[35m (0.4ms)[0m  [1m[34mSELECT pg_advisory_unlock(1555902080779534005)[0m
  ↳ bin/rails:9
  [1m[35m (0.4ms)[0m  [1m[34mSELECT "schema_migrations"."version" FROM "schema_migrations" ORDER BY "schema_migrations"."version" ASC[0m
  ↳ bin/rails:9
  [1m[35m (0.2ms)[0m  [1m[35mBEGIN[0m
  [1m[36mUser Create (1.7ms)[0m  [1m[32mINSERT INTO "users" ("email", "password_digest", "session_token", "created_at", "updated_at") VALUES ($1, $2, $3, $4, $5) RETURNING "id"[0m  [["email", "wako@crazy.com"], ["password_digest", "$2a$12$6t8eHlGfeS0RHtPvTvqok.PJ/FQy9ENLhsJUYtIEEqehGtDzC5q.O"], ["session_token", "Od7AybSTWANPljOvKb4KxA"], ["created_at", "2021-08-17 22:19:45.035055"], ["updated_at", "2021-08-17 22:19:45.035055"]]
  [1m[35m (1.3ms)[0m  [1m[35mCOMMIT[0m
  [1m[35m (1.6ms)[0m  [1m[34mSELECT "schema_migrations"."version" FROM "schema_migrations" ORDER BY "schema_migrations"."version" ASC[0m
  ↳ bin/rails:9
  [1m[35m (0.9ms)[0m  [1m[34mSELECT "schema_migrations"."version" FROM "schema_migrations" ORDER BY "schema_migrations"."version" ASC[0m
  ↳ bin/rails:9
  [1m[35m (0.2ms)[0m  [1m[35mBEGIN[0m
  ↳ db/seeds.rb:9
  [1m[36mUser Create (2.7ms)[0m  [1m[32mINSERT INTO "users" ("email", "password_digest", "session_token", "created_at", "updated_at") VALUES ($1, $2, $3, $4, $5) RETURNING "id"[0m  [["email", "wako@crazy.com"], ["password_digest", "$2a$12$eKgX/PgYd8x4fdc/9CFWSO8zelcYkS484ipSHoRJQBa5ZDVr6Y2l6"], ["session_token", "W-bSov8Q9vpSIAa92PYb3g"], ["created_at", "2021-08-17 22:22:28.279123"], ["updated_at", "2021-08-17 22:22:28.279123"]]
  ↳ db/seeds.rb:9
  [1m[35m (0.1ms)[0m  [1m[31mROLLBACK[0m
  ↳ db/seeds.rb:9
  [1m[35m (1.0ms)[0m  [1m[34mSELECT "schema_migrations"."version" FROM "schema_migrations" ORDER BY "schema_migrations"."version" ASC[0m
  ↳ bin/rails:9
  [1m[35m (0.2ms)[0m  [1m[35mBEGIN[0m
  ↳ db/seeds.rb:10
  [1m[35m (0.2ms)[0m  [1m[31mROLLBACK[0m
  ↳ db/seeds.rb:10
  [1m[35m (0.2ms)[0m  [1m[35mBEGIN[0m
  ↳ db/seeds.rb:11
  [1m[35m (0.2ms)[0m  [1m[31mROLLBACK[0m
  ↳ db/seeds.rb:11
  [1m[35m (0.5ms)[0m  [1m[35mBEGIN[0m
  ↳ db/seeds.rb:12
  [1m[35m (0.3ms)[0m  [1m[31mROLLBACK[0m
  ↳ db/seeds.rb:12
  [1m[35m (0.2ms)[0m  [1m[35mBEGIN[0m
  ↳ db/seeds.rb:13
  [1m[36mUser Create (1.4ms)[0m  [1m[32mINSERT INTO "users" ("email", "password_digest", "session_token", "created_at", "updated_at") VALUES ($1, $2, $3, $4, $5) RETURNING "id"[0m  [["email", "Laura@aol.com"], ["password_digest", "$2a$12$d1RatSnFUUkfy3K8Uw6Uq.ELex5N9T4mckjhWdVHw9ZyHwsE0FM4m"], ["session_token", "Ym0r6EWntDGrFRwRwuX-rw"], ["created_at", "2021-08-17 22:22:48.087457"], ["updated_at", "2021-08-17 22:22:48.087457"]]
  ↳ db/seeds.rb:13
  [1m[35m (1.3ms)[0m  [1m[35mCOMMIT[0m
  ↳ db/seeds.rb:13
Started GET "/" for ::1 at 2021-08-17 15:23:04 -0700
  [1m[35m (0.9ms)[0m  [1m[34mSELECT "schema_migrations"."version" FROM "schema_migrations" ORDER BY "schema_migrations"."version" ASC[0m
  ↳ /Users/michaeldeshay/.rbenv/versions/2.5.1/lib/ruby/gems/2.5.0/gems/activerecord-5.2.6/lib/active_record/log_subscriber.rb:98
Processing by Rails::WelcomeController#index as HTML
  Rendering /Users/michaeldeshay/.rbenv/versions/2.5.1/lib/ruby/gems/2.5.0/gems/railties-5.2.6/lib/rails/templates/rails/welcome/index.html.erb
  Rendered /Users/michaeldeshay/.rbenv/versions/2.5.1/lib/ruby/gems/2.5.0/gems/railties-5.2.6/lib/rails/templates/rails/welcome/index.html.erb (4.4ms)
Completed 200 OK in 24ms (Views: 13.1ms | ActiveRecord: 0.0ms)


Started GET "/" for ::1 at 2021-08-17 15:23:07 -0700
Processing by Rails::WelcomeController#index as HTML
  Rendering /Users/michaeldeshay/.rbenv/versions/2.5.1/lib/ruby/gems/2.5.0/gems/railties-5.2.6/lib/rails/templates/rails/welcome/index.html.erb
  Rendered /Users/michaeldeshay/.rbenv/versions/2.5.1/lib/ruby/gems/2.5.0/gems/railties-5.2.6/lib/rails/templates/rails/welcome/index.html.erb (2.4ms)
Completed 200 OK in 12ms (Views: 7.3ms | ActiveRecord: 0.0ms)


Started GET "/users" for ::1 at 2021-08-17 15:23:08 -0700
Processing by UsersController#index as HTML
  Rendering users/index.html.erb within layouts/application
  [1m[36mUser Load (3.3ms)[0m  [1m[34mSELECT "users".* FROM "users"[0m
  ↳ app/views/users/index.html.erb:1
  Rendered users/index.html.erb within layouts/application (30.8ms)
Completed 200 OK in 610ms (Views: 583.0ms | ActiveRecord: 22.6ms)


  [1m[35m (1.1ms)[0m  [1m[34mSELECT "schema_migrations"."version" FROM "schema_migrations" ORDER BY "schema_migrations"."version" ASC[0m
  ↳ bin/rails:9
  [1m[35m (0.2ms)[0m  [1m[35mBEGIN[0m
  ↳ db/seeds.rb:10
  [1m[36mUser Create (0.8ms)[0m  [1m[32mINSERT INTO "users" ("email", "password_digest", "session_token", "created_at", "updated_at") VALUES ($1, $2, $3, $4, $5) RETURNING "id"[0m  [["email", "LiloandStitch@aloha.com"], ["password_digest", "$2a$12$gMa/z3JfOw8Ak902fd2j/.cAEKCp4hAHVAzaLty1MyogwhWwKSVV2"], ["session_token", "kn8pO8RbMh5jB8XfFSeSKg"], ["created_at", "2021-08-17 22:24:33.516228"], ["updated_at", "2021-08-17 22:24:33.516228"]]
  ↳ db/seeds.rb:10
  [1m[35m (0.9ms)[0m  [1m[35mCOMMIT[0m
  ↳ db/seeds.rb:10
  [1m[35m (0.2ms)[0m  [1m[35mBEGIN[0m
  ↳ db/seeds.rb:11
  [1m[36mUser Create (0.4ms)[0m  [1m[32mINSERT INTO "users" ("email", "password_digest", "session_token", "created_at", "updated_at") VALUES ($1, $2, $3, $4, $5) RETURNING "id"[0m  [["email", "Animeman@fedora.com"], ["password_digest", "$2a$12$D2BArh6oOW8bntcOSE0azOvllVavSuok4MH942MPC1ONdxjGg7/R6"], ["session_token", "uACy-_AuQ7mYksOPZryYuQ"], ["created_at", "2021-08-17 22:24:33.781467"], ["updated_at", "2021-08-17 22:24:33.781467"]]
  ↳ db/seeds.rb:11
  [1m[35m (0.9ms)[0m  [1m[35mCOMMIT[0m
  ↳ db/seeds.rb:11
  [1m[35m (0.5ms)[0m  [1m[35mBEGIN[0m
  ↳ db/seeds.rb:12
  [1m[36mUser Create (0.5ms)[0m  [1m[32mINSERT INTO "users" ("email", "password_digest", "session_token", "created_at", "updated_at") VALUES ($1, $2, $3, $4, $5) RETURNING "id"[0m  [["email", "legosarefun@lego.com"], ["password_digest", "$2a$12$y2oirr1lpVXhpWSxuRpeyO.VNaQIEb0QeVeLm4YvatDEsgFRlXlK6"], ["session_token", "O2aoV-nEQ7KQNbAGw8sv3Q"], ["created_at", "2021-08-17 22:24:34.045294"], ["updated_at", "2021-08-17 22:24:34.045294"]]
  ↳ db/seeds.rb:12
  [1m[35m (0.9ms)[0m  [1m[35mCOMMIT[0m
  ↳ db/seeds.rb:12
  [1m[35m (0.7ms)[0m  [1m[35mBEGIN[0m
  ↳ db/seeds.rb:13
  [1m[36mUser Create (3.9ms)[0m  [1m[32mINSERT INTO "users" ("email", "password_digest", "session_token", "created_at", "updated_at") VALUES ($1, $2, $3, $4, $5) RETURNING "id"[0m  [["email", "Laura@aol.com"], ["password_digest", "$2a$12$6FbI0DmZByf/UHHJvR99PueuxQhr.hQ6NmfR19Pv4L45Kodu4o.Pq"], ["session_token", "uyedZIpJ7FgSV0coNcIzxA"], ["created_at", "2021-08-17 22:24:34.314613"], ["updated_at", "2021-08-17 22:24:34.314613"]]
  ↳ db/seeds.rb:13
  [1m[35m (0.6ms)[0m  [1m[31mROLLBACK[0m
  ↳ db/seeds.rb:13
  [1m[35m (1.3ms)[0m  [1m[34mSELECT "schema_migrations"."version" FROM "schema_migrations" ORDER BY "schema_migrations"."version" ASC[0m
  ↳ bin/rails:9
  [1m[35m (1.2ms)[0m  [1m[34mSELECT "schema_migrations"."version" FROM "schema_migrations" ORDER BY "schema_migrations"."version" ASC[0m
  ↳ bin/rails:9
  [1m[35m (0.2ms)[0m  [1m[35mBEGIN[0m
  ↳ db/seeds.rb:10
  [1m[36mUser Create (1.7ms)[0m  [1m[32mINSERT INTO "users" ("email", "password_digest", "session_token", "created_at", "updated_at") VALUES ($1, $2, $3, $4, $5) RETURNING "id"[0m  [["email", "LiloandStitch@aloha.com"], ["password_digest", "$2a$12$4oDqCPli9krbIVZpO8B.TOaGQ1iskOJrmGBZGWsKapQ9KqZlgScr6"], ["session_token", "7IT9v8NMLtqHGLo_d2PrMw"], ["created_at", "2021-08-17 22:25:00.726051"], ["updated_at", "2021-08-17 22:25:00.726051"]]
  ↳ db/seeds.rb:10
  [1m[35m (0.1ms)[0m  [1m[31mROLLBACK[0m
  ↳ db/seeds.rb:10
  [1m[35m (0.9ms)[0m  [1m[34mSELECT "schema_migrations"."version" FROM "schema_migrations" ORDER BY "schema_migrations"."version" ASC[0m
  ↳ bin/rails:9
  [1m[35m (0.2ms)[0m  [1m[35mBEGIN[0m
  ↳ db/seeds.rb:11
  [1m[36mUser Create (1.5ms)[0m  [1m[32mINSERT INTO "users" ("email", "password_digest", "session_token", "created_at", "updated_at") VALUES ($1, $2, $3, $4, $5) RETURNING "id"[0m  [["email", "Animeman@fedora.com"], ["password_digest", "$2a$12$MY9QMclQCT.POt7Jk2Gyo.EPkk5G224ZXr1OREfDEEOvMHvlxsZX6"], ["session_token", "i_JGEaNhTGbJa47ZhYWiOQ"], ["created_at", "2021-08-17 22:25:15.675162"], ["updated_at", "2021-08-17 22:25:15.675162"]]
  ↳ db/seeds.rb:11
  [1m[35m (0.2ms)[0m  [1m[31mROLLBACK[0m
  ↳ db/seeds.rb:11
  [1m[35m (0.7ms)[0m  [1m[35mCREATE DATABASE "MusicApp_development" ENCODING = 'unicode'[0m
  ↳ bin/rails:9
  [1m[35m (0.9ms)[0m  [1m[35mCREATE DATABASE "MusicApp_test" ENCODING = 'unicode'[0m
  ↳ bin/rails:9
  [1m[35m (0.9ms)[0m  [1m[34mSELECT "schema_migrations"."version" FROM "schema_migrations" ORDER BY "schema_migrations"."version" ASC[0m
  ↳ bin/rails:9
  [1m[35m (0.4ms)[0m  [1m[34mSELECT "ar_internal_metadata"."value" FROM "ar_internal_metadata" WHERE "ar_internal_metadata"."key" = $1[0m  [["key", "environment"]]
  ↳ bin/rails:9
  [1m[35m (0.2ms)[0m  [1m[34mSELECT "schema_migrations"."version" FROM "schema_migrations" ORDER BY "schema_migrations"."version" ASC[0m
  ↳ bin/rails:9
  [1m[35m (0.2ms)[0m  [1m[34mSELECT "ar_internal_metadata"."value" FROM "ar_internal_metadata" WHERE "ar_internal_metadata"."key" = $1[0m  [["key", "environment"]]
  ↳ bin/rails:9
  [1m[35m (0.3ms)[0m  [1m[34mSELECT "schema_migrations"."version" FROM "schema_migrations" ORDER BY "schema_migrations"."version" ASC[0m
  ↳ bin/rails:9
  [1m[35m (0.3ms)[0m  [1m[34mSELECT "ar_internal_metadata"."value" FROM "ar_internal_metadata" WHERE "ar_internal_metadata"."key" = $1[0m  [["key", "environment"]]
  ↳ bin/rails:9
  [1m[35mSQL (0.5ms)[0m  [1m[35mCREATE EXTENSION IF NOT EXISTS "plpgsql"[0m
  ↳ db/schema.rb:16
  [1m[35m (45.9ms)[0m  [1m[35mDROP TABLE IF EXISTS "users" CASCADE[0m
  ↳ db/schema.rb:18
  [1m[35m (8.8ms)[0m  [1m[35mCREATE TABLE "users" ("id" bigserial primary key, "email" character varying NOT NULL, "password_digest" character varying NOT NULL, "session_token" character varying NOT NULL, "created_at" timestamp NOT NULL, "updated_at" timestamp NOT NULL)[0m
  ↳ db/schema.rb:18
  [1m[35m (1.7ms)[0m  [1m[35mCREATE UNIQUE INDEX  "index_users_on_email" ON "users"  ("email")[0m
  ↳ db/schema.rb:18
  [1m[35m (1.5ms)[0m  [1m[35mCREATE  INDEX  "index_users_on_session_token" ON "users"  ("session_token")[0m
  ↳ db/schema.rb:18
  [1m[35m (1.0ms)[0m  [1m[34mSELECT "schema_migrations"."version" FROM "schema_migrations" ORDER BY "schema_migrations"."version" ASC[0m
  ↳ db/schema.rb:13
  [1m[36mActiveRecord::InternalMetadata Load (0.7ms)[0m  [1m[34mSELECT  "ar_internal_metadata".* FROM "ar_internal_metadata" WHERE "ar_internal_metadata"."key" = $1 LIMIT $2[0m  [["key", "environment"], ["LIMIT", 1]]
  ↳ db/schema.rb:13
  [1m[35m (0.7ms)[0m  [1m[35mBEGIN[0m
  ↳ db/schema.rb:13
  [1m[35m (0.1ms)[0m  [1m[35mCOMMIT[0m
  ↳ db/schema.rb:13
  [1m[36mActiveRecord::InternalMetadata Load (0.2ms)[0m  [1m[34mSELECT  "ar_internal_metadata".* FROM "ar_internal_metadata" WHERE "ar_internal_metadata"."key" = $1 LIMIT $2[0m  [["key", "environment"], ["LIMIT", 1]]
  ↳ bin/rails:9
  [1m[35m (0.1ms)[0m  [1m[35mBEGIN[0m
  ↳ bin/rails:9
  [1m[35m (0.1ms)[0m  [1m[35mCOMMIT[0m
  ↳ bin/rails:9
  [1m[35mSQL (0.4ms)[0m  [1m[35mCREATE EXTENSION IF NOT EXISTS "plpgsql"[0m
  ↳ db/schema.rb:16
  [1m[35m (0.2ms)[0m  [1m[35mDROP TABLE IF EXISTS "users" CASCADE[0m
  ↳ db/schema.rb:18
  [1m[35m (15.1ms)[0m  [1m[35mCREATE TABLE "users" ("id" bigserial primary key, "email" character varying NOT NULL, "password_digest" character varying NOT NULL, "session_token" character varying NOT NULL, "created_at" timestamp NOT NULL, "updated_at" timestamp NOT NULL)[0m
  ↳ db/schema.rb:18
  [1m[35m (1.6ms)[0m  [1m[35mCREATE UNIQUE INDEX  "index_users_on_email" ON "users"  ("email")[0m
  ↳ db/schema.rb:18
  [1m[35m (1.3ms)[0m  [1m[35mCREATE  INDEX  "index_users_on_session_token" ON "users"  ("session_token")[0m
  ↳ db/schema.rb:18
  [1m[35m (4.0ms)[0m  [1m[35mCREATE TABLE "schema_migrations" ("version" character varying NOT NULL PRIMARY KEY)[0m
  ↳ db/schema.rb:13
  [1m[35m (0.7ms)[0m  [1m[34mSELECT "schema_migrations"."version" FROM "schema_migrations" ORDER BY "schema_migrations"."version" ASC[0m
  ↳ db/schema.rb:13
  [1m[35m (0.6ms)[0m  [1m[32mINSERT INTO "schema_migrations" (version) VALUES (20210817221838)[0m
  ↳ db/schema.rb:13
  [1m[35m (0.5ms)[0m  [1m[32mINSERT INTO "schema_migrations" (version) VALUES
(20210817203537);

[0m
  ↳ db/schema.rb:13
  [1m[35m (4.3ms)[0m  [1m[35mCREATE TABLE "ar_internal_metadata" ("key" character varying NOT NULL PRIMARY KEY, "value" character varying, "created_at" timestamp NOT NULL, "updated_at" timestamp NOT NULL)[0m
  ↳ db/schema.rb:13
  [1m[36mActiveRecord::InternalMetadata Load (0.7ms)[0m  [1m[34mSELECT  "ar_internal_metadata".* FROM "ar_internal_metadata" WHERE "ar_internal_metadata"."key" = $1 LIMIT $2[0m  [["key", "environment"], ["LIMIT", 1]]
  ↳ db/schema.rb:13
  [1m[35m (0.2ms)[0m  [1m[35mBEGIN[0m
  ↳ db/schema.rb:13
  [1m[36mActiveRecord::InternalMetadata Create (0.9ms)[0m  [1m[32mINSERT INTO "ar_internal_metadata" ("key", "value", "created_at", "updated_at") VALUES ($1, $2, $3, $4) RETURNING "key"[0m  [["key", "environment"], ["value", "development"], ["created_at", "2021-08-17 22:25:56.270503"], ["updated_at", "2021-08-17 22:25:56.270503"]]
  ↳ db/schema.rb:13
  [1m[35m (0.4ms)[0m  [1m[35mCOMMIT[0m
  ↳ db/schema.rb:13
  [1m[36mActiveRecord::InternalMetadata Load (0.5ms)[0m  [1m[34mSELECT  "ar_internal_metadata".* FROM "ar_internal_metadata" WHERE "ar_internal_metadata"."key" = $1 LIMIT $2[0m  [["key", "environment"], ["LIMIT", 1]]
  ↳ bin/rails:9
  [1m[35m (0.2ms)[0m  [1m[35mBEGIN[0m
  ↳ bin/rails:9
  [1m[36mActiveRecord::InternalMetadata Update (0.5ms)[0m  [1m[33mUPDATE "ar_internal_metadata" SET "value" = $1, "updated_at" = $2 WHERE "ar_internal_metadata"."key" = $3[0m  [["value", "test"], ["updated_at", "2021-08-17 22:25:56.277198"], ["key", "environment"]]
  ↳ bin/rails:9
  [1m[35m (0.4ms)[0m  [1m[35mCOMMIT[0m
  ↳ bin/rails:9
  [1m[35m (1.8ms)[0m  [1m[34mSELECT "schema_migrations"."version" FROM "schema_migrations" ORDER BY "schema_migrations"."version" ASC[0m
  ↳ bin/rails:9
  [1m[35m (0.2ms)[0m  [1m[35mBEGIN[0m
  ↳ db/seeds.rb:10
  [1m[36mUser Create (1.3ms)[0m  [1m[32mINSERT INTO "users" ("email", "password_digest", "session_token", "created_at", "updated_at") VALUES ($1, $2, $3, $4, $5) RETURNING "id"[0m  [["email", "LiloandStitch@aloha.com"], ["password_digest", "$2a$12$9yadMW3ruWDwYf2KCyP8eujw7Ltnqn4oNit7VfDFRWXtR6/CyOvs."], ["session_token", "Oasgpd86zbL69RKuscuyAA"], ["created_at", "2021-08-17 22:25:56.587650"], ["updated_at", "2021-08-17 22:25:56.587650"]]
  ↳ db/seeds.rb:10
  [1m[35m (0.4ms)[0m  [1m[35mCOMMIT[0m
  ↳ db/seeds.rb:10
  [1m[35m (0.5ms)[0m  [1m[35mBEGIN[0m
  ↳ db/seeds.rb:11
  [1m[36mUser Create (0.6ms)[0m  [1m[32mINSERT INTO "users" ("email", "password_digest", "session_token", "created_at", "updated_at") VALUES ($1, $2, $3, $4, $5) RETURNING "id"[0m  [["email", "Animeman@fedora.com"], ["password_digest", "$2a$12$/7ovT1UW1oFtOJ/g2QWXD.GEx0xX9S.X1YRAipRQV5P/mQARJl3Ie"], ["session_token", "CJ3bylemxeEChNqY8n0PgA"], ["created_at", "2021-08-17 22:25:56.853419"], ["updated_at", "2021-08-17 22:25:56.853419"]]
  ↳ db/seeds.rb:11
  [1m[35m (2.0ms)[0m  [1m[35mCOMMIT[0m
  ↳ db/seeds.rb:11
  [1m[35m (0.3ms)[0m  [1m[35mBEGIN[0m
  ↳ db/seeds.rb:12
  [1m[36mUser Create (0.7ms)[0m  [1m[32mINSERT INTO "users" ("email", "password_digest", "session_token", "created_at", "updated_at") VALUES ($1, $2, $3, $4, $5) RETURNING "id"[0m  [["email", "legosarefun@lego.com"], ["password_digest", "$2a$12$lskyIC0/Y8VBKxXtABYOfOfPLZQ0AzSTIrEjq9RxNxGGh34q4eDqO"], ["session_token", "661tjgN9x1JZKGyHcC1L5w"], ["created_at", "2021-08-17 22:25:57.119245"], ["updated_at", "2021-08-17 22:25:57.119245"]]
  ↳ db/seeds.rb:12
  [1m[35m (0.9ms)[0m  [1m[35mCOMMIT[0m
  ↳ db/seeds.rb:12
  [1m[35m (0.3ms)[0m  [1m[35mBEGIN[0m
  ↳ db/seeds.rb:13
  [1m[36mUser Create (0.7ms)[0m  [1m[32mINSERT INTO "users" ("email", "password_digest", "session_token", "created_at", "updated_at") VALUES ($1, $2, $3, $4, $5) RETURNING "id"[0m  [["email", "Laura@aol.com"], ["password_digest", "$2a$12$Zbsxs9h3O76/V4KmZqA9U.zUugoggMhYc3uB.AgS/Y3Vze6cSPO/m"], ["session_token", "vro2yko72046hAbTbhTBTQ"], ["created_at", "2021-08-17 22:25:57.385976"], ["updated_at", "2021-08-17 22:25:57.385976"]]
  ↳ db/seeds.rb:13
  [1m[35m (1.2ms)[0m  [1m[35mCOMMIT[0m
  ↳ db/seeds.rb:13
Started GET "/users" for ::1 at 2021-08-17 15:26:40 -0700
  [1m[35m (1.3ms)[0m  [1m[34mSELECT "schema_migrations"."version" FROM "schema_migrations" ORDER BY "schema_migrations"."version" ASC[0m
  ↳ /Users/michaeldeshay/.rbenv/versions/2.5.1/lib/ruby/gems/2.5.0/gems/activerecord-5.2.6/lib/active_record/log_subscriber.rb:98
Processing by UsersController#index as HTML
  Rendering users/index.html.erb within layouts/application
  [1m[36mUser Load (1.0ms)[0m  [1m[34mSELECT "users".* FROM "users"[0m
  ↳ app/views/users/index.html.erb:1
  Rendered users/index.html.erb within layouts/application (36.5ms)
Completed 200 OK in 246ms (Views: 223.5ms | ActiveRecord: 13.5ms)


Started GET "/users" for ::1 at 2021-08-17 15:27:04 -0700
Processing by UsersController#index as HTML
  Rendering users/index.html.erb within layouts/application
  [1m[36mUser Load (0.4ms)[0m  [1m[34mSELECT "users".* FROM "users"[0m
  ↳ app/views/users/index.html.erb:1
  Rendered users/index.html.erb within layouts/application (1.9ms)
Completed 200 OK in 35ms (Views: 29.6ms | ActiveRecord: 0.4ms)


Started GET "/users" for ::1 at 2021-08-17 15:27:37 -0700
Processing by UsersController#index as HTML
  Rendering users/index.html.erb within layouts/application
  [1m[36mUser Load (0.5ms)[0m  [1m[34mSELECT "users".* FROM "users"[0m
  ↳ app/views/users/index.html.erb:3
  Rendered users/index.html.erb within layouts/application (1.8ms)
Completed 200 OK in 28ms (Views: 26.9ms | ActiveRecord: 0.5ms)


Started GET "/users" for ::1 at 2021-08-17 15:32:34 -0700
Processing by UsersController#index as HTML
  Rendering users/index.html.erb within layouts/application
  [1m[36mUser Load (1.8ms)[0m  [1m[34mSELECT "users".* FROM "users"[0m
  ↳ app/views/users/index.html.erb:3
  Rendered users/index.html.erb within layouts/application (3.0ms)
Completed 200 OK in 27ms (Views: 24.2ms | ActiveRecord: 1.8ms)


Started GET "/users" for ::1 at 2021-08-17 15:32:35 -0700
Processing by UsersController#index as HTML
  Rendering users/index.html.erb within layouts/application
  [1m[36mUser Load (0.4ms)[0m  [1m[34mSELECT "users".* FROM "users"[0m
  ↳ app/views/users/index.html.erb:3
  Rendered users/index.html.erb within layouts/application (1.6ms)
Completed 200 OK in 26ms (Views: 25.1ms | ActiveRecord: 0.4ms)


Started GET "/users" for ::1 at 2021-08-17 15:32:37 -0700
Processing by UsersController#index as HTML
  Rendering users/index.html.erb within layouts/application
  [1m[36mUser Load (1.0ms)[0m  [1m[34mSELECT "users".* FROM "users"[0m
  ↳ app/views/users/index.html.erb:3
  Rendered users/index.html.erb within layouts/application (2.6ms)
Completed 200 OK in 29ms (Views: 27.2ms | ActiveRecord: 1.0ms)


Started GET "/users" for ::1 at 2021-08-17 15:32:39 -0700
Processing by UsersController#index as HTML
  Rendering users/index.html.erb within layouts/application
  [1m[36mUser Load (1.0ms)[0m  [1m[34mSELECT "users".* FROM "users"[0m
  ↳ app/views/users/index.html.erb:3
  Rendered users/index.html.erb within layouts/application (2.8ms)
Completed 200 OK in 27ms (Views: 25.3ms | ActiveRecord: 1.0ms)


Started GET "/users" for ::1 at 2021-08-17 16:18:07 -0700
  [1m[35m (1.4ms)[0m  [1m[34mSELECT "schema_migrations"."version" FROM "schema_migrations" ORDER BY "schema_migrations"."version" ASC[0m
  ↳ /Users/michaeldeshay/.rbenv/versions/2.5.1/lib/ruby/gems/2.5.0/gems/activerecord-5.2.6/lib/active_record/log_subscriber.rb:98
Processing by UsersController#index as HTML
  Rendering users/index.html.erb within layouts/application
  [1m[36mUser Load (40.8ms)[0m  [1m[34mSELECT "users".* FROM "users"[0m
  ↳ app/views/users/index.html.erb:3
  Rendered users/index.html.erb within layouts/application (64.8ms)
Completed 500 Internal Server Error in 557ms (ActiveRecord: 54.0ms)


  
ActionView::Template::Error (undefined method `logged_in?' for #<#<Class:0x00007fc0c4a84648>:0x00007fc0c49b8278>
Did you mean?  logger?):
    14: 
    15:     <a href= "<%= users_url%>">Users:</a>
    16: 
    17:     <% if logged_in?%>
    18:     <h2>Welcome, <%= current_user.email %></h2>
    19: 
    20:     <% else%>
  
app/views/layouts/application.html.erb:17:in `_app_views_layouts_application_html_erb___2273865712791808971_70232952525500'
app/controllers/users_controller.rb:19:in `index'
Started GET "/users" for ::1 at 2021-08-17 16:18:38 -0700
Processing by UsersController#index as HTML
  Rendering users/index.html.erb within layouts/application
  [1m[36mUser Load (0.9ms)[0m  [1m[34mSELECT "users".* FROM "users"[0m
  ↳ app/views/users/index.html.erb:3
  Rendered users/index.html.erb within layouts/application (15.8ms)
  [1m[36mUser Load (0.4ms)[0m  [1m[34mSELECT  "users".* FROM "users" WHERE "users"."session_token" IS NULL LIMIT $1[0m  [["LIMIT", 1]]
  ↳ app/controllers/application_controller.rb:6
Completed 500 Internal Server Error in 276ms (ActiveRecord: 9.4ms)


  
ActionView::Template::Error (undefined local variable or method `new_users_url' for #<#<Class:0x00007fc0c1f585f0>:0x00007fc0c1f42480>
Did you mean?  new_user_url):
    20:     <% else%>
    21:     <a href= "<%= new_session_url %>">Login</a>
    22:     <br>
    23:     <a href= "<%= new_users_url %>">Sign Up</a>
    24:     <% end%>
    25: 
    26:     <%= yield %>
  
app/views/layouts/application.html.erb:23:in `_app_views_layouts_application_html_erb___2273865712791808971_70232932128700'
app/controllers/users_controller.rb:19:in `index'
Started GET "/users" for ::1 at 2021-08-17 16:20:02 -0700
  [1m[35m (1.2ms)[0m  [1m[34mSELECT "schema_migrations"."version" FROM "schema_migrations" ORDER BY "schema_migrations"."version" ASC[0m
  ↳ /Users/michaeldeshay/.rbenv/versions/2.5.1/lib/ruby/gems/2.5.0/gems/activerecord-5.2.6/lib/active_record/log_subscriber.rb:98
Processing by UsersController#index as HTML
  Rendering users/index.html.erb within layouts/application
  [1m[36mUser Load (1.4ms)[0m  [1m[34mSELECT "users".* FROM "users"[0m
  ↳ app/views/users/index.html.erb:3
  Rendered users/index.html.erb within layouts/application (33.2ms)
  [1m[36mUser Load (0.5ms)[0m  [1m[34mSELECT  "users".* FROM "users" WHERE "users"."session_token" IS NULL LIMIT $1[0m  [["LIMIT", 1]]
  ↳ app/controllers/application_controller.rb:6
Completed 500 Internal Server Error in 613ms (ActiveRecord: 11.3ms)



NameError - undefined local variable or method `new_users_url' for #<#<Class:0x00007fd0fd41fca0>:0x00007fd0ffbf5158>
Did you mean?  new_user_url:
  app/views/layouts/application.html.erb:23:in `_app_views_layouts_application_html_erb__2492947881742195344_70267815377940'
  app/controllers/users_controller.rb:19:in `index'

Started POST "/__better_errors/ff79364612f70497/variables" for ::1 at 2021-08-17 16:20:04 -0700
Started GET "/users" for ::1 at 2021-08-17 16:22:52 -0700
Processing by UsersController#index as HTML
  Rendering users/index.html.erb within layouts/application
  [1m[36mUser Load (0.5ms)[0m  [1m[34mSELECT "users".* FROM "users"[0m
  ↳ app/views/users/index.html.erb:3
  Rendered users/index.html.erb within layouts/application (2.0ms)
  [1m[36mUser Load (0.4ms)[0m  [1m[34mSELECT  "users".* FROM "users" WHERE "users"."session_token" IS NULL LIMIT $1[0m  [["LIMIT", 1]]
  ↳ app/controllers/application_controller.rb:6
Completed 200 OK in 26ms (Views: 24.7ms | ActiveRecord: 1.0ms)


Started GET "/users" for ::1 at 2021-08-17 16:23:21 -0700
Processing by UsersController#index as HTML
  Rendering users/index.html.erb within layouts/application
  [1m[36mUser Load (1.2ms)[0m  [1m[34mSELECT "users".* FROM "users"[0m
  ↳ app/views/users/index.html.erb:3
  Rendered users/index.html.erb within layouts/application (2.3ms)
  [1m[36mUser Load (0.5ms)[0m  [1m[34mSELECT  "users".* FROM "users" WHERE "users"."session_token" IS NULL LIMIT $1[0m  [["LIMIT", 1]]
  ↳ app/controllers/application_controller.rb:6
Completed 200 OK in 30ms (Views: 27.8ms | ActiveRecord: 1.7ms)


Started GET "/session/new" for ::1 at 2021-08-17 16:23:24 -0700
Processing by SessionsController#new as HTML
  Rendering sessions/new.html.erb within layouts/application
  Rendered sessions/new.html.erb within layouts/application (0.8ms)
  [1m[36mUser Load (0.4ms)[0m  [1m[34mSELECT  "users".* FROM "users" WHERE "users"."session_token" IS NULL LIMIT $1[0m  [["LIMIT", 1]]
  ↳ app/controllers/application_controller.rb:6
Completed 200 OK in 28ms (Views: 26.4ms | ActiveRecord: 0.4ms)


Started POST "/session" for ::1 at 2021-08-17 16:24:02 -0700
Processing by SessionsController#create as HTML
  Parameters: {"user"=>{"email"=>"LiloandStitch@aloha.com", "password"=>"[FILTERED]"}}
Can't verify CSRF token authenticity.
Completed 422 Unprocessable Entity in 1ms (ActiveRecord: 0.0ms)



ActionController::InvalidAuthenticityToken - ActionController::InvalidAuthenticityToken:

Started POST "/__better_errors/2490319fefcf37f3/variables" for ::1 at 2021-08-17 16:24:02 -0700
Started POST "/session" for ::1 at 2021-08-17 16:28:54 -0700
Processing by SessionsController#create as HTML
  Parameters: {"user"=>{"email"=>"LiloandStitch@aloha.com", "password"=>"[FILTERED]"}}
Can't verify CSRF token authenticity.
Completed 422 Unprocessable Entity in 1ms (ActiveRecord: 0.0ms)



ActionController::InvalidAuthenticityToken - ActionController::InvalidAuthenticityToken:

Started POST "/__better_errors/7910bd6361bf1d0e/variables" for ::1 at 2021-08-17 16:28:54 -0700
Started GET "/session/new" for ::1 at 2021-08-17 16:29:05 -0700
Processing by SessionsController#new as HTML
  Rendering sessions/new.html.erb within layouts/application
  Rendered sessions/new.html.erb within layouts/application (0.7ms)
  [1m[36mUser Load (3.5ms)[0m  [1m[34mSELECT  "users".* FROM "users" WHERE "users"."session_token" IS NULL LIMIT $1[0m  [["LIMIT", 1]]
  ↳ app/controllers/application_controller.rb:6
Completed 200 OK in 44ms (Views: 39.4ms | ActiveRecord: 3.5ms)


Started GET "/" for ::1 at 2021-08-17 16:29:06 -0700
Processing by Rails::WelcomeController#index as HTML
  Rendering /Users/michaeldeshay/.rbenv/versions/2.5.1/lib/ruby/gems/2.5.0/gems/railties-5.2.6/lib/rails/templates/rails/welcome/index.html.erb
  Rendered /Users/michaeldeshay/.rbenv/versions/2.5.1/lib/ruby/gems/2.5.0/gems/railties-5.2.6/lib/rails/templates/rails/welcome/index.html.erb (4.0ms)
Completed 200 OK in 19ms (Views: 9.6ms | ActiveRecord: 0.0ms)


Started GET "/users" for ::1 at 2021-08-17 16:29:07 -0700
Processing by UsersController#index as HTML
  Rendering users/index.html.erb within layouts/application
  [1m[36mUser Load (0.9ms)[0m  [1m[34mSELECT "users".* FROM "users"[0m
  ↳ app/views/users/index.html.erb:3
  Rendered users/index.html.erb within layouts/application (2.8ms)
  [1m[36mUser Load (0.6ms)[0m  [1m[34mSELECT  "users".* FROM "users" WHERE "users"."session_token" IS NULL LIMIT $1[0m  [["LIMIT", 1]]
  ↳ app/controllers/application_controller.rb:6
Completed 200 OK in 35ms (Views: 32.8ms | ActiveRecord: 1.5ms)


Started GET "/session/new" for ::1 at 2021-08-17 16:29:11 -0700
Processing by SessionsController#new as HTML
  Rendering sessions/new.html.erb within layouts/application
  Rendered sessions/new.html.erb within layouts/application (0.5ms)
  [1m[36mUser Load (0.3ms)[0m  [1m[34mSELECT  "users".* FROM "users" WHERE "users"."session_token" IS NULL LIMIT $1[0m  [["LIMIT", 1]]
  ↳ app/controllers/application_controller.rb:6
Completed 200 OK in 30ms (Views: 29.1ms | ActiveRecord: 0.3ms)


Started POST "/session" for ::1 at 2021-08-17 16:29:34 -0700
Processing by SessionsController#create as HTML
  Parameters: {"user"=>{"email"=>"LiloandStitch@aloha.com", "password"=>"[FILTERED]"}}
Can't verify CSRF token authenticity.
Completed 422 Unprocessable Entity in 1ms (ActiveRecord: 0.0ms)



ActionController::InvalidAuthenticityToken - ActionController::InvalidAuthenticityToken:

Started POST "/__better_errors/a8726c8b73aa9bcb/variables" for ::1 at 2021-08-17 16:29:34 -0700
Started POST "/session" for ::1 at 2021-08-17 16:30:27 -0700
Processing by SessionsController#create as HTML
  Parameters: {"user"=>{"email"=>"LiloandStitch@aloha.com", "password"=>"[FILTERED]"}}
Can't verify CSRF token authenticity.
Completed 422 Unprocessable Entity in 2ms (ActiveRecord: 0.0ms)



ActionController::InvalidAuthenticityToken - ActionController::InvalidAuthenticityToken:

Started POST "/__better_errors/cff3372490a8651c/variables" for ::1 at 2021-08-17 16:30:27 -0700
Started POST "/session" for ::1 at 2021-08-17 16:40:06 -0700
Processing by SessionsController#create as HTML
  Parameters: {"user"=>{"email"=>"LiloandStitch@aloha.com", "password"=>"[FILTERED]"}}
Can't verify CSRF token authenticity.
Completed 422 Unprocessable Entity in 1ms (ActiveRecord: 0.0ms)



ActionController::InvalidAuthenticityToken - ActionController::InvalidAuthenticityToken:

Started POST "/__better_errors/5d21b86ed200e6bf/variables" for ::1 at 2021-08-17 16:40:06 -0700
Started POST "/session" for ::1 at 2021-08-17 16:40:16 -0700
Processing by SessionsController#create as HTML
  Parameters: {"user"=>{"email"=>"LiloandStitch@aloha.com", "password"=>"[FILTERED]"}}
Can't verify CSRF token authenticity.
Completed 500 Internal Server Error in 183ms (ActiveRecord: 0.0ms)



NameError - undefined local variable or method `email' for #<SessionsController:0x00007fd1010b1998>:
  app/controllers/sessions_controller.rb:12:in `create'

Started POST "/__better_errors/3bc1ffd80ffe49da/variables" for ::1 at 2021-08-17 16:40:17 -0700
Started POST "/session" for ::1 at 2021-08-17 16:41:20 -0700
Processing by SessionsController#create as HTML
  Parameters: {"user"=>{"email"=>"LiloandStitch@aloha.com", "password"=>"[FILTERED]"}}
Can't verify CSRF token authenticity.
  [1m[36mUser Load (1.4ms)[0m  [1m[34mSELECT  "users".* FROM "users" WHERE "users"."email" = $1 LIMIT $2[0m  [["email", "LiloandStitch@aloha.com"], ["LIMIT", 1]]
  ↳ app/models/user.rb:12
Redirected to http://localhost:3000/users
Completed 302 Found in 300ms (ActiveRecord: 18.7ms)


Started GET "/users" for ::1 at 2021-08-17 16:41:22 -0700
Processing by UsersController#index as HTML
  Rendering users/index.html.erb within layouts/application
  [1m[36mUser Load (0.4ms)[0m  [1m[34mSELECT "users".* FROM "users"[0m
  ↳ app/views/users/index.html.erb:3
  Rendered users/index.html.erb within layouts/application (1.8ms)
  [1m[36mUser Load (0.3ms)[0m  [1m[34mSELECT  "users".* FROM "users" WHERE "users"."session_token" IS NULL LIMIT $1[0m  [["LIMIT", 1]]
  ↳ app/controllers/application_controller.rb:7
Completed 200 OK in 55ms (Views: 53.2ms | ActiveRecord: 0.7ms)


Started GET "/session/new" for ::1 at 2021-08-17 16:41:25 -0700
Processing by SessionsController#new as HTML
  Rendering sessions/new.html.erb within layouts/application
  Rendered sessions/new.html.erb within layouts/application (0.6ms)
  [1m[36mUser Load (0.5ms)[0m  [1m[34mSELECT  "users".* FROM "users" WHERE "users"."session_token" IS NULL LIMIT $1[0m  [["LIMIT", 1]]
  ↳ app/controllers/application_controller.rb:7
Completed 200 OK in 39ms (Views: 37.5ms | ActiveRecord: 0.5ms)


Started POST "/session" for ::1 at 2021-08-17 16:41:43 -0700
Processing by SessionsController#create as HTML
  Parameters: {"user"=>{"email"=>"LiloandStitch@aloha.com", "password"=>"[FILTERED]"}}
Can't verify CSRF token authenticity.
  [1m[36mUser Load (1.9ms)[0m  [1m[34mSELECT  "users".* FROM "users" WHERE "users"."email" = $1 LIMIT $2[0m  [["email", "LiloandStitch@aloha.com"], ["LIMIT", 1]]
  ↳ app/models/user.rb:12
Redirected to http://localhost:3000/users/1
Completed 302 Found in 279ms (ActiveRecord: 1.9ms)


Started GET "/users/1" for ::1 at 2021-08-17 16:41:43 -0700
Processing by UsersController#show as HTML
  Parameters: {"id"=>"1"}
  [1m[36mUser Load (0.4ms)[0m  [1m[34mSELECT  "users".* FROM "users" WHERE "users"."id" = $1 LIMIT $2[0m  [["id", 1], ["LIMIT", 1]]
  ↳ app/controllers/users_controller.rb:38
  Rendering users/show.html.erb within layouts/application
  Rendered users/show.html.erb within layouts/application (0.3ms)
  [1m[36mUser Load (0.4ms)[0m  [1m[34mSELECT  "users".* FROM "users" WHERE "users"."session_token" IS NULL LIMIT $1[0m  [["LIMIT", 1]]
  ↳ app/controllers/application_controller.rb:7
Completed 200 OK in 32ms (Views: 28.3ms | ActiveRecord: 0.8ms)


Started GET "/users/1" for ::1 at 2021-08-17 16:44:24 -0700
Processing by UsersController#show as HTML
  Parameters: {"id"=>"1"}
  [1m[36mUser Load (0.8ms)[0m  [1m[34mSELECT  "users".* FROM "users" WHERE "users"."id" = $1 LIMIT $2[0m  [["id", 1], ["LIMIT", 1]]
  ↳ app/controllers/users_controller.rb:38
  Rendering users/show.html.erb within layouts/application
  Rendered users/show.html.erb within layouts/application (0.4ms)
  [1m[36mUser Load (0.5ms)[0m  [1m[34mSELECT  "users".* FROM "users" WHERE "users"."session_token" IS NULL LIMIT $1[0m  [["LIMIT", 1]]
  ↳ app/controllers/application_controller.rb:7
Completed 200 OK in 34ms (Views: 31.1ms | ActiveRecord: 1.3ms)


Started GET "/session/new" for ::1 at 2021-08-17 16:44:47 -0700
Processing by SessionsController#new as HTML
  Rendering sessions/new.html.erb within layouts/application
  Rendered sessions/new.html.erb within layouts/application (0.6ms)
  [1m[36mUser Load (0.3ms)[0m  [1m[34mSELECT  "users".* FROM "users" WHERE "users"."session_token" IS NULL LIMIT $1[0m  [["LIMIT", 1]]
  ↳ app/controllers/application_controller.rb:7
Completed 200 OK in 32ms (Views: 30.8ms | ActiveRecord: 0.3ms)


Started POST "/session" for ::1 at 2021-08-17 16:45:35 -0700
Processing by SessionsController#create as HTML
  Parameters: {"user"=>{"email"=>"LiloandStitch@aloha.com", "password"=>"[FILTERED]"}}
Can't verify CSRF token authenticity.
  [1m[36mUser Load (1.2ms)[0m  [1m[34mSELECT  "users".* FROM "users" WHERE "users"."email" = $1 LIMIT $2[0m  [["email", "LiloandStitch@aloha.com"], ["LIMIT", 1]]
  ↳ app/models/user.rb:12
Redirected to http://localhost:3000/users/1
Completed 302 Found in 279ms (ActiveRecord: 1.2ms)


Started GET "/users/1" for ::1 at 2021-08-17 16:45:35 -0700
Processing by UsersController#show as HTML
  Parameters: {"id"=>"1"}
  [1m[36mUser Load (0.7ms)[0m  [1m[34mSELECT  "users".* FROM "users" WHERE "users"."id" = $1 LIMIT $2[0m  [["id", 1], ["LIMIT", 1]]
  ↳ app/controllers/users_controller.rb:38
  Rendering users/show.html.erb within layouts/application
  Rendered users/show.html.erb within layouts/application (0.4ms)
  [1m[36mUser Load (0.5ms)[0m  [1m[34mSELECT  "users".* FROM "users" WHERE "users"."session_token" IS NULL LIMIT $1[0m  [["LIMIT", 1]]
  ↳ app/controllers/application_controller.rb:7
Completed 200 OK in 34ms (Views: 30.1ms | ActiveRecord: 1.2ms)


Started GET "/session/new" for ::1 at 2021-08-17 16:45:58 -0700
Processing by SessionsController#new as HTML
  Rendering sessions/new.html.erb within layouts/application
  Rendered sessions/new.html.erb within layouts/application (0.6ms)
  [1m[36mUser Load (0.3ms)[0m  [1m[34mSELECT  "users".* FROM "users" WHERE "users"."session_token" IS NULL LIMIT $1[0m  [["LIMIT", 1]]
  ↳ app/controllers/application_controller.rb:7
Completed 200 OK in 28ms (Views: 26.9ms | ActiveRecord: 0.3ms)


Started GET "/session/new" for ::1 at 2021-08-17 16:51:09 -0700
Processing by SessionsController#new as HTML
  Rendering sessions/new.html.erb within layouts/application
  Rendered sessions/new.html.erb within layouts/application (0.6ms)
  [1m[36mUser Load (0.9ms)[0m  [1m[34mSELECT  "users".* FROM "users" WHERE "users"."session_token" IS NULL LIMIT $1[0m  [["LIMIT", 1]]
  ↳ app/controllers/application_controller.rb:7
Completed 200 OK in 57ms (Views: 34.7ms | ActiveRecord: 14.0ms)


Started POST "/session" for ::1 at 2021-08-17 16:51:30 -0700
Processing by SessionsController#create as HTML
  Parameters: {"user"=>{"email"=>"LiloandStitch@aloha.com", "password"=>"[FILTERED]"}}
Can't verify CSRF token authenticity.
  [1m[36mUser Load (0.4ms)[0m  [1m[34mSELECT  "users".* FROM "users" WHERE "users"."email" = $1 LIMIT $2[0m  [["email", "LiloandStitch@aloha.com"], ["LIMIT", 1]]
  ↳ app/models/user.rb:12
Redirected to http://localhost:3000/users/1
Completed 302 Found in 279ms (ActiveRecord: 0.4ms)


Started GET "/users/1" for ::1 at 2021-08-17 16:51:30 -0700
Processing by UsersController#show as HTML
  Parameters: {"id"=>"1"}
  [1m[36mUser Load (0.3ms)[0m  [1m[34mSELECT  "users".* FROM "users" WHERE "users"."id" = $1 LIMIT $2[0m  [["id", 1], ["LIMIT", 1]]
  ↳ app/controllers/users_controller.rb:38
  Rendering users/show.html.erb within layouts/application
  Rendered users/show.html.erb within layouts/application (0.3ms)
  [1m[36mUser Load (0.3ms)[0m  [1m[34mSELECT  "users".* FROM "users" WHERE "users"."session_token" IS NULL LIMIT $1[0m  [["LIMIT", 1]]
  ↳ app/controllers/application_controller.rb:7
Completed 200 OK in 27ms (Views: 23.9ms | ActiveRecord: 0.6ms)


Started GET "/session/new" for ::1 at 2021-08-17 16:52:51 -0700
Processing by SessionsController#new as HTML
  Rendering sessions/new.html.erb within layouts/application
  Rendered sessions/new.html.erb within layouts/application (0.7ms)
  [1m[36mUser Load (0.5ms)[0m  [1m[34mSELECT  "users".* FROM "users" WHERE "users"."session_token" IS NULL LIMIT $1[0m  [["LIMIT", 1]]
  ↳ app/controllers/application_controller.rb:7
Completed 200 OK in 43ms (Views: 25.6ms | ActiveRecord: 9.8ms)


Started POST "/session" for ::1 at 2021-08-17 16:53:06 -0700
Processing by SessionsController#create as HTML
  Parameters: {"user"=>{"email"=>"LiloandStitch@aloha.com", "password"=>"[FILTERED]"}}
Can't verify CSRF token authenticity.
  [1m[36mUser Load (1.2ms)[0m  [1m[34mSELECT  "users".* FROM "users" WHERE "users"."email" = $1 LIMIT $2[0m  [["email", "LiloandStitch@aloha.com"], ["LIMIT", 1]]
  ↳ app/models/user.rb:12
Redirected to http://localhost:3000/users/1
Completed 302 Found in 276ms (ActiveRecord: 1.2ms)


Started GET "/users/1" for ::1 at 2021-08-17 16:53:07 -0700
Processing by UsersController#show as HTML
  Parameters: {"id"=>"1"}
  [1m[36mUser Load (0.6ms)[0m  [1m[34mSELECT  "users".* FROM "users" WHERE "users"."id" = $1 LIMIT $2[0m  [["id", 1], ["LIMIT", 1]]
  ↳ app/controllers/users_controller.rb:38
  Rendering users/show.html.erb within layouts/application
  Rendered users/show.html.erb within layouts/application (0.3ms)
  [1m[36mUser Load (0.6ms)[0m  [1m[34mSELECT  "users".* FROM "users" WHERE "users"."session_token" IS NULL LIMIT $1[0m  [["LIMIT", 1]]
  ↳ app/controllers/application_controller.rb:7
Completed 200 OK in 35ms (Views: 32.0ms | ActiveRecord: 1.2ms)


Started GET "/session/new" for ::1 at 2021-08-17 16:56:01 -0700
Processing by SessionsController#new as HTML
  Rendering sessions/new.html.erb within layouts/application
  Rendered sessions/new.html.erb within layouts/application (0.6ms)
  [1m[36mUser Load (0.3ms)[0m  [1m[34mSELECT  "users".* FROM "users" WHERE "users"."session_token" IS NULL LIMIT $1[0m  [["LIMIT", 1]]
  ↳ app/controllers/application_controller.rb:7
Completed 200 OK in 44ms (Views: 28.4ms | ActiveRecord: 8.0ms)


Started POST "/session" for ::1 at 2021-08-17 16:56:21 -0700
Processing by SessionsController#create as HTML
  Parameters: {"user"=>{"email"=>"LiloandStitch@aloha.com", "password"=>"[FILTERED]"}}
Can't verify CSRF token authenticity.
  [1m[36mUser Load (1.0ms)[0m  [1m[34mSELECT  "users".* FROM "users" WHERE "users"."email" = $1 LIMIT $2[0m  [["email", "LiloandStitch@aloha.com"], ["LIMIT", 1]]
  ↳ app/models/user.rb:12
Redirected to http://localhost:3000/users/1
Completed 302 Found in 272ms (ActiveRecord: 1.0ms)


Started GET "/users/1" for ::1 at 2021-08-17 16:56:21 -0700
Processing by UsersController#show as HTML
  Parameters: {"id"=>"1"}
  [1m[36mUser Load (0.4ms)[0m  [1m[34mSELECT  "users".* FROM "users" WHERE "users"."id" = $1 LIMIT $2[0m  [["id", 1], ["LIMIT", 1]]
  ↳ app/controllers/users_controller.rb:38
  Rendering users/show.html.erb within layouts/application
  Rendered users/show.html.erb within layouts/application (0.4ms)
  [1m[36mUser Load (0.4ms)[0m  [1m[34mSELECT  "users".* FROM "users" WHERE "users"."session_token" IS NULL LIMIT $1[0m  [["LIMIT", 1]]
  ↳ app/controllers/application_controller.rb:7
Completed 200 OK in 26ms (Views: 23.8ms | ActiveRecord: 0.8ms)


Started GET "/session/new" for ::1 at 2021-08-17 16:59:08 -0700
Processing by SessionsController#new as HTML
  Rendering sessions/new.html.erb within layouts/application
  Rendered sessions/new.html.erb within layouts/application (0.5ms)
  [1m[36mUser Load (0.2ms)[0m  [1m[34mSELECT  "users".* FROM "users" WHERE "users"."session_token" IS NULL LIMIT $1[0m  [["LIMIT", 1]]
  ↳ app/controllers/application_controller.rb:7
Completed 200 OK in 45ms (Views: 28.9ms | ActiveRecord: 6.3ms)


Started POST "/session" for ::1 at 2021-08-17 16:59:31 -0700
Processing by SessionsController#create as HTML
  Parameters: {"user"=>{"email"=>"LiloandStitch@aloha.com", "password"=>"[FILTERED]"}}
Can't verify CSRF token authenticity.
  [1m[36mUser Load (0.6ms)[0m  [1m[34mSELECT  "users".* FROM "users" WHERE "users"."email" = $1 LIMIT $2[0m  [["email", "LiloandStitch@aloha.com"], ["LIMIT", 1]]
  ↳ app/models/user.rb:12
Redirected to http://localhost:3000/users/1
Completed 302 Found in 277ms (ActiveRecord: 0.6ms)


Started GET "/users/1" for ::1 at 2021-08-17 16:59:31 -0700
Processing by UsersController#show as HTML
  Parameters: {"id"=>"1"}
  [1m[36mUser Load (1.5ms)[0m  [1m[34mSELECT  "users".* FROM "users" WHERE "users"."id" = $1 LIMIT $2[0m  [["id", 1], ["LIMIT", 1]]
  ↳ app/controllers/users_controller.rb:38
  Rendering users/show.html.erb within layouts/application
  Rendered users/show.html.erb within layouts/application (0.7ms)
  [1m[36mUser Load (0.3ms)[0m  [1m[34mSELECT  "users".* FROM "users" WHERE "users"."session_token" IS NULL LIMIT $1[0m  [["LIMIT", 1]]
  ↳ app/controllers/application_controller.rb:7
Completed 200 OK in 32ms (Views: 26.2ms | ActiveRecord: 1.7ms)


Started GET "/session/new" for ::1 at 2021-08-17 16:59:35 -0700
Processing by SessionsController#new as HTML
  Rendering sessions/new.html.erb within layouts/application
  Rendered sessions/new.html.erb within layouts/application (0.5ms)
  [1m[36mUser Load (0.5ms)[0m  [1m[34mSELECT  "users".* FROM "users" WHERE "users"."session_token" IS NULL LIMIT $1[0m  [["LIMIT", 1]]
  ↳ app/controllers/application_controller.rb:7
Completed 200 OK in 31ms (Views: 29.1ms | ActiveRecord: 0.5ms)


Started POST "/session" for ::1 at 2021-08-17 17:00:07 -0700
Processing by SessionsController#create as HTML
  Parameters: {"user"=>{"email"=>"LiloandStitch@aloha.com", "password"=>"[FILTERED]"}}
Can't verify CSRF token authenticity.
  [1m[36mUser Load (1.3ms)[0m  [1m[34mSELECT  "users".* FROM "users" WHERE "users"."email" = $1 LIMIT $2[0m  [["email", "LiloandStitch@aloha.com"], ["LIMIT", 1]]
  ↳ app/models/user.rb:12
Redirected to http://localhost:3000/users/1
Completed 302 Found in 273ms (ActiveRecord: 1.3ms)


Started GET "/users/1" for ::1 at 2021-08-17 17:00:07 -0700
Processing by UsersController#show as HTML
  Parameters: {"id"=>"1"}
  [1m[36mUser Load (0.6ms)[0m  [1m[34mSELECT  "users".* FROM "users" WHERE "users"."id" = $1 LIMIT $2[0m  [["id", 1], ["LIMIT", 1]]
  ↳ app/controllers/users_controller.rb:38
  Rendering users/show.html.erb within layouts/application
  Rendered users/show.html.erb within layouts/application (0.6ms)
  [1m[36mUser Load (0.3ms)[0m  [1m[34mSELECT  "users".* FROM "users" WHERE "users"."session_token" IS NULL LIMIT $1[0m  [["LIMIT", 1]]
  ↳ app/controllers/application_controller.rb:7
Completed 200 OK in 31ms (Views: 28.3ms | ActiveRecord: 0.9ms)


Started GET "/session/new" for ::1 at 2021-08-17 17:01:07 -0700
Processing by SessionsController#new as HTML
  Rendering sessions/new.html.erb within layouts/application
  Rendered sessions/new.html.erb within layouts/application (0.8ms)
  [1m[36mUser Load (0.2ms)[0m  [1m[34mSELECT  "users".* FROM "users" WHERE "users"."session_token" IS NULL LIMIT $1[0m  [["LIMIT", 1]]
  ↳ app/controllers/application_controller.rb:7
Completed 200 OK in 47ms (Views: 31.9ms | ActiveRecord: 7.1ms)


Started POST "/session" for ::1 at 2021-08-17 17:01:20 -0700
Processing by SessionsController#create as HTML
  Parameters: {"user"=>{"email"=>"LiloandStitch@aloha.com", "password"=>"[FILTERED]"}}
Can't verify CSRF token authenticity.
  [1m[36mUser Load (1.5ms)[0m  [1m[34mSELECT  "users".* FROM "users" WHERE "users"."email" = $1 LIMIT $2[0m  [["email", "LiloandStitch@aloha.com"], ["LIMIT", 1]]
  ↳ app/models/user.rb:12
  [1m[35m (0.2ms)[0m  [1m[35mBEGIN[0m
  ↳ app/models/user.rb:37
  [1m[36mUser Update (42.6ms)[0m  [1m[33mUPDATE "users" SET "session_token" = $1, "updated_at" = $2 WHERE "users"."id" = $3[0m  [["session_token", "d1mFRZi9yzinMjCRhWJw8A"], ["updated_at", "2021-08-18 00:01:20.786958"], ["id", 1]]
  ↳ app/models/user.rb:37
  [1m[35m (1.6ms)[0m  [1m[35mCOMMIT[0m
  ↳ app/models/user.rb:37
Redirected to http://localhost:3000/users/1
Completed 302 Found in 323ms (ActiveRecord: 46.0ms)


Started GET "/users/1" for ::1 at 2021-08-17 17:01:20 -0700
Processing by UsersController#show as HTML
  Parameters: {"id"=>"1"}
  [1m[36mUser Load (1.2ms)[0m  [1m[34mSELECT  "users".* FROM "users" WHERE "users"."id" = $1 LIMIT $2[0m  [["id", 1], ["LIMIT", 1]]
  ↳ app/controllers/users_controller.rb:38
  Rendering users/show.html.erb within layouts/application
  Rendered users/show.html.erb within layouts/application (0.4ms)
  [1m[36mUser Load (0.7ms)[0m  [1m[34mSELECT  "users".* FROM "users" WHERE "users"."session_token" IS NULL LIMIT $1[0m  [["LIMIT", 1]]
  ↳ app/controllers/application_controller.rb:7
Completed 200 OK in 38ms (Views: 34.0ms | ActiveRecord: 1.8ms)


Started GET "/session/new" for ::1 at 2021-08-17 17:02:12 -0700
Processing by SessionsController#new as HTML
  Rendering sessions/new.html.erb within layouts/application
  Rendered sessions/new.html.erb within layouts/application (0.6ms)
  [1m[36mUser Load (0.3ms)[0m  [1m[34mSELECT  "users".* FROM "users" WHERE "users"."session_token" IS NULL LIMIT $1[0m  [["LIMIT", 1]]
  ↳ app/controllers/application_controller.rb:7
Completed 200 OK in 43ms (Views: 25.9ms | ActiveRecord: 6.3ms)


Started POST "/session" for ::1 at 2021-08-17 17:02:28 -0700
Processing by SessionsController#create as HTML
  Parameters: {"user"=>{"email"=>"LiloandStitch@aloha.com", "password"=>"[FILTERED]"}}
Can't verify CSRF token authenticity.
  [1m[36mUser Load (0.3ms)[0m  [1m[34mSELECT  "users".* FROM "users" WHERE "users"."email" = $1 LIMIT $2[0m  [["email", "LiloandStitch@aloha.com"], ["LIMIT", 1]]
  ↳ app/models/user.rb:12
  [1m[35m (0.2ms)[0m  [1m[35mBEGIN[0m
  ↳ app/models/user.rb:37
  [1m[36mUser Update (0.8ms)[0m  [1m[33mUPDATE "users" SET "session_token" = $1, "updated_at" = $2 WHERE "users"."id" = $3[0m  [["session_token", "LeKow1vlc55qKxt-fH82RQ"], ["updated_at", "2021-08-18 00:02:28.794144"], ["id", 1]]
  ↳ app/models/user.rb:37
  [1m[35m (2.3ms)[0m  [1m[35mCOMMIT[0m
  ↳ app/models/user.rb:37
Redirected to http://localhost:3000/users/1
Completed 302 Found in 277ms (ActiveRecord: 3.6ms)


Started GET "/users/1" for ::1 at 2021-08-17 17:02:28 -0700
Processing by UsersController#show as HTML
  Parameters: {"id"=>"1"}
  [1m[36mUser Load (0.2ms)[0m  [1m[34mSELECT  "users".* FROM "users" WHERE "users"."id" = $1 LIMIT $2[0m  [["id", 1], ["LIMIT", 1]]
  ↳ app/controllers/users_controller.rb:38
  Rendering users/show.html.erb within layouts/application
  Rendered users/show.html.erb within layouts/application (0.4ms)
  [1m[36mUser Load (0.3ms)[0m  [1m[34mSELECT  "users".* FROM "users" WHERE "users"."session_token" IS NULL LIMIT $1[0m  [["LIMIT", 1]]
  ↳ app/controllers/application_controller.rb:7
Completed 200 OK in 29ms (Views: 27.1ms | ActiveRecord: 0.5ms)


Started GET "/session/new" for ::1 at 2021-08-17 17:06:31 -0700
Processing by SessionsController#new as HTML
  Rendering sessions/new.html.erb within layouts/application
  Rendered sessions/new.html.erb within layouts/application (0.6ms)
  [1m[36mUser Load (0.4ms)[0m  [1m[34mSELECT  "users".* FROM "users" WHERE "users"."session_token" IS NULL LIMIT $1[0m  [["LIMIT", 1]]
  ↳ app/controllers/application_controller.rb:7
Completed 200 OK in 49ms (Views: 29.1ms | ActiveRecord: 6.1ms)


Started POST "/session" for ::1 at 2021-08-17 17:06:42 -0700
Processing by SessionsController#create as HTML
  Parameters: {"user"=>{"email"=>"LiloandStitch@aloha.com", "password"=>"[FILTERED]"}}
Can't verify CSRF token authenticity.
  [1m[36mUser Load (1.0ms)[0m  [1m[34mSELECT  "users".* FROM "users" WHERE "users"."email" = $1 LIMIT $2[0m  [["email", "LiloandStitch@aloha.com"], ["LIMIT", 1]]
  ↳ app/models/user.rb:12
  [1m[35m (0.6ms)[0m  [1m[35mBEGIN[0m
  ↳ app/models/user.rb:37
  [1m[36mUser Update (1.0ms)[0m  [1m[33mUPDATE "users" SET "session_token" = $1, "updated_at" = $2 WHERE "users"."id" = $3[0m  [["session_token", "c9gwfctIMjV9RX-t0vGSNQ"], ["updated_at", "2021-08-18 00:06:43.253067"], ["id", 1]]
  ↳ app/models/user.rb:37
  [1m[35m (0.6ms)[0m  [1m[35mCOMMIT[0m
  ↳ app/models/user.rb:37
Completed 500 Internal Server Error in 279ms (ActiveRecord: 3.2ms)



RuntimeError - :
  app/controllers/application_controller.rb:22:in `log_in_user!'
  app/controllers/sessions_controller.rb:15:in `create'

Started POST "/__better_errors/88e30e58edba0f24/variables" for ::1 at 2021-08-17 17:06:43 -0700
Started POST "/__better_errors/88e30e58edba0f24/eval" for ::1 at 2021-08-17 17:07:02 -0700
Started POST "/__better_errors/88e30e58edba0f24/eval" for ::1 at 2021-08-17 17:07:12 -0700
Started POST "/__better_errors/88e30e58edba0f24/eval" for ::1 at 2021-08-17 17:07:34 -0700
  [1m[36mUser Load (0.7ms)[0m  [1m[34mSELECT  "users".* FROM "users" WHERE "users"."session_token" = $1 LIMIT $2[0m  [["session_token", "c9gwfctIMjV9RX-t0vGSNQ"], ["LIMIT", 1]]
  ↳ app/controllers/application_controller.rb:7
Started POST "/__better_errors/88e30e58edba0f24/eval" for ::1 at 2021-08-17 17:07:48 -0700
Started POST "/session" for ::1 at 2021-08-17 17:10:05 -0700
Processing by SessionsController#create as HTML
  Parameters: {"user"=>{"email"=>"LiloandStitch@aloha.com", "password"=>"[FILTERED]"}}
Can't verify CSRF token authenticity.
  [1m[36mUser Load (0.2ms)[0m  [1m[34mSELECT  "users".* FROM "users" WHERE "users"."email" = $1 LIMIT $2[0m  [["email", "LiloandStitch@aloha.com"], ["LIMIT", 1]]
  ↳ app/models/user.rb:12
  [1m[35m (0.2ms)[0m  [1m[35mBEGIN[0m
  ↳ app/models/user.rb:37
  [1m[36mUser Update (1.2ms)[0m  [1m[33mUPDATE "users" SET "session_token" = $1, "updated_at" = $2 WHERE "users"."id" = $3[0m  [["session_token", "DxOF9Uwn4LPqULhzZ8GL1A"], ["updated_at", "2021-08-18 00:10:05.387047"], ["id", 1]]
  ↳ app/models/user.rb:37
  [1m[35m (2.0ms)[0m  [1m[35mCOMMIT[0m
  ↳ app/models/user.rb:37
Redirected to http://localhost:3000/users/1
Completed 302 Found in 285ms (ActiveRecord: 10.6ms)


Started GET "/users/1" for ::1 at 2021-08-17 17:10:06 -0700
Processing by UsersController#show as HTML
  Parameters: {"id"=>"1"}
  [1m[36mUser Load (0.8ms)[0m  [1m[34mSELECT  "users".* FROM "users" WHERE "users"."id" = $1 LIMIT $2[0m  [["id", 1], ["LIMIT", 1]]
  ↳ app/controllers/users_controller.rb:38
  Rendering users/show.html.erb within layouts/application
  Rendered users/show.html.erb within layouts/application (1.3ms)
  [1m[36mUser Load (0.4ms)[0m  [1m[34mSELECT  "users".* FROM "users" WHERE "users"."session_token" IS NULL LIMIT $1[0m  [["LIMIT", 1]]
  ↳ app/controllers/application_controller.rb:7
Completed 200 OK in 47ms (Views: 43.6ms | ActiveRecord: 1.2ms)


Started GET "/session/new" for ::1 at 2021-08-17 17:10:12 -0700
Processing by SessionsController#new as HTML
  Rendering sessions/new.html.erb within layouts/application
  Rendered sessions/new.html.erb within layouts/application (0.7ms)
  [1m[36mUser Load (0.2ms)[0m  [1m[34mSELECT  "users".* FROM "users" WHERE "users"."session_token" IS NULL LIMIT $1[0m  [["LIMIT", 1]]
  ↳ app/controllers/application_controller.rb:7
Completed 200 OK in 34ms (Views: 32.9ms | ActiveRecord: 0.2ms)


Started POST "/session" for ::1 at 2021-08-17 17:10:32 -0700
Processing by SessionsController#create as HTML
  Parameters: {"user"=>{"email"=>"myexperiment626", "password"=>"[FILTERED]"}}
Can't verify CSRF token authenticity.
  [1m[36mUser Load (1.0ms)[0m  [1m[34mSELECT  "users".* FROM "users" WHERE "users"."email" = $1 LIMIT $2[0m  [["email", "myexperiment626"], ["LIMIT", 1]]
  ↳ app/models/user.rb:12
  Rendering sessions/new.html.erb within layouts/application
  Rendered sessions/new.html.erb within layouts/application (0.7ms)
  [1m[36mUser Load (0.3ms)[0m  [1m[34mSELECT  "users".* FROM "users" WHERE "users"."session_token" IS NULL LIMIT $1[0m  [["LIMIT", 1]]
  ↳ app/controllers/application_controller.rb:7
Completed 200 OK in 35ms (Views: 32.1ms | ActiveRecord: 1.3ms)


Started POST "/session" for ::1 at 2021-08-17 17:10:57 -0700
Processing by SessionsController#create as HTML
  Parameters: {"user"=>{"email"=>"LiloandStitch@aloha.com", "password"=>"[FILTERED]"}}
Can't verify CSRF token authenticity.
  [1m[36mUser Load (0.9ms)[0m  [1m[34mSELECT  "users".* FROM "users" WHERE "users"."email" = $1 LIMIT $2[0m  [["email", "LiloandStitch@aloha.com"], ["LIMIT", 1]]
  ↳ app/models/user.rb:12
  [1m[35m (0.2ms)[0m  [1m[35mBEGIN[0m
  ↳ app/models/user.rb:37
  [1m[36mUser Update (0.7ms)[0m  [1m[33mUPDATE "users" SET "session_token" = $1, "updated_at" = $2 WHERE "users"."id" = $3[0m  [["session_token", "Z13UD7ZXr6xpx2UyvNUuIQ"], ["updated_at", "2021-08-18 00:10:57.322572"], ["id", 1]]
  ↳ app/models/user.rb:37
  [1m[35m (2.2ms)[0m  [1m[35mCOMMIT[0m
  ↳ app/models/user.rb:37
Redirected to http://localhost:3000/users/1
Completed 302 Found in 276ms (ActiveRecord: 3.9ms)


Started GET "/users/1" for ::1 at 2021-08-17 17:10:57 -0700
Processing by UsersController#show as HTML
  Parameters: {"id"=>"1"}
  [1m[36mUser Load (0.8ms)[0m  [1m[34mSELECT  "users".* FROM "users" WHERE "users"."id" = $1 LIMIT $2[0m  [["id", 1], ["LIMIT", 1]]
  ↳ app/controllers/users_controller.rb:38
  Rendering users/show.html.erb within layouts/application
  Rendered users/show.html.erb within layouts/application (0.5ms)
  [1m[36mUser Load (0.2ms)[0m  [1m[34mSELECT  "users".* FROM "users" WHERE "users"."session_token" IS NULL LIMIT $1[0m  [["LIMIT", 1]]
  ↳ app/controllers/application_controller.rb:7
Completed 200 OK in 33ms (Views: 30.9ms | ActiveRecord: 1.0ms)


Started GET "/users/1" for ::1 at 2021-08-17 17:15:57 -0700
Processing by UsersController#show as HTML
  Parameters: {"id"=>"1"}
  [1m[36mUser Load (0.6ms)[0m  [1m[34mSELECT  "users".* FROM "users" WHERE "users"."id" = $1 LIMIT $2[0m  [["id", 1], ["LIMIT", 1]]
  ↳ app/controllers/users_controller.rb:38
  Rendering users/show.html.erb within layouts/application
  Rendered users/show.html.erb within layouts/application (0.4ms)
  [1m[36mUser Load (0.2ms)[0m  [1m[34mSELECT  "users".* FROM "users" WHERE "users"."session_token" IS NULL LIMIT $1[0m  [["LIMIT", 1]]
  ↳ app/controllers/application_controller.rb:7
  [1m[36mCACHE User Load (0.0ms)[0m  [1m[34mSELECT  "users".* FROM "users" WHERE "users"."session_token" IS NULL LIMIT $1[0m  [["LIMIT", 1]]
  ↳ app/controllers/application_controller.rb:7
Completed 200 OK in 33ms (Views: 31.4ms | ActiveRecord: 0.8ms)


Started GET "/users/1" for ::1 at 2021-08-17 17:16:00 -0700
Processing by UsersController#show as HTML
  Parameters: {"id"=>"1"}
  [1m[36mUser Load (0.4ms)[0m  [1m[34mSELECT  "users".* FROM "users" WHERE "users"."id" = $1 LIMIT $2[0m  [["id", 1], ["LIMIT", 1]]
  ↳ app/controllers/users_controller.rb:38
  Rendering users/show.html.erb within layouts/application
  Rendered users/show.html.erb within layouts/application (0.3ms)
  [1m[36mUser Load (0.2ms)[0m  [1m[34mSELECT  "users".* FROM "users" WHERE "users"."session_token" IS NULL LIMIT $1[0m  [["LIMIT", 1]]
  ↳ app/controllers/application_controller.rb:7
  [1m[36mCACHE User Load (0.0ms)[0m  [1m[34mSELECT  "users".* FROM "users" WHERE "users"."session_token" IS NULL LIMIT $1[0m  [["LIMIT", 1]]
  ↳ app/controllers/application_controller.rb:7
Completed 200 OK in 30ms (Views: 27.8ms | ActiveRecord: 0.7ms)


Started GET "/session/new" for ::1 at 2021-08-17 17:16:02 -0700
Processing by SessionsController#new as HTML
  Rendering sessions/new.html.erb within layouts/application
  Rendered sessions/new.html.erb within layouts/application (0.6ms)
  [1m[36mUser Load (0.3ms)[0m  [1m[34mSELECT  "users".* FROM "users" WHERE "users"."session_token" IS NULL LIMIT $1[0m  [["LIMIT", 1]]
  ↳ app/controllers/application_controller.rb:7
  [1m[36mCACHE User Load (0.0ms)[0m  [1m[34mSELECT  "users".* FROM "users" WHERE "users"."session_token" IS NULL LIMIT $1[0m  [["LIMIT", 1]]
  ↳ app/controllers/application_controller.rb:7
Completed 200 OK in 32ms (Views: 31.1ms | ActiveRecord: 0.3ms)


Started POST "/session" for ::1 at 2021-08-17 17:16:14 -0700
Processing by SessionsController#create as HTML
  Parameters: {"user"=>{"email"=>"LiloandStitch@aloha.com", "password"=>"[FILTERED]"}}
Can't verify CSRF token authenticity.
  [1m[36mUser Load (0.4ms)[0m  [1m[34mSELECT  "users".* FROM "users" WHERE "users"."email" = $1 LIMIT $2[0m  [["email", "LiloandStitch@aloha.com"], ["LIMIT", 1]]
  ↳ app/models/user.rb:12
  [1m[35m (0.2ms)[0m  [1m[35mBEGIN[0m
  ↳ app/models/user.rb:37
  [1m[36mUser Update (1.7ms)[0m  [1m[33mUPDATE "users" SET "session_token" = $1, "updated_at" = $2 WHERE "users"."id" = $3[0m  [["session_token", "a-Qt5L-B7tOutLFmk82a7Q"], ["updated_at", "2021-08-18 00:16:14.430883"], ["id", 1]]
  ↳ app/models/user.rb:37
  [1m[35m (1.3ms)[0m  [1m[35mCOMMIT[0m
  ↳ app/models/user.rb:37
Redirected to http://localhost:3000/users/1
Completed 302 Found in 276ms (ActiveRecord: 3.7ms)


Started GET "/users/1" for ::1 at 2021-08-17 17:16:14 -0700
Processing by UsersController#show as HTML
  Parameters: {"id"=>"1"}
  [1m[36mUser Load (0.4ms)[0m  [1m[34mSELECT  "users".* FROM "users" WHERE "users"."id" = $1 LIMIT $2[0m  [["id", 1], ["LIMIT", 1]]
  ↳ app/controllers/users_controller.rb:38
  Rendering users/show.html.erb within layouts/application
  Rendered users/show.html.erb within layouts/application (0.6ms)
  [1m[36mUser Load (0.3ms)[0m  [1m[34mSELECT  "users".* FROM "users" WHERE "users"."session_token" IS NULL LIMIT $1[0m  [["LIMIT", 1]]
  ↳ app/controllers/application_controller.rb:7
  [1m[36mCACHE User Load (0.0ms)[0m  [1m[34mSELECT  "users".* FROM "users" WHERE "users"."session_token" IS NULL LIMIT $1[0m  [["LIMIT", 1]]
  ↳ app/controllers/application_controller.rb:7
Completed 200 OK in 30ms (Views: 27.9ms | ActiveRecord: 0.7ms)


Started GET "/users/1" for ::1 at 2021-08-17 17:20:04 -0700
Processing by UsersController#show as HTML
  Parameters: {"id"=>"1"}
  [1m[36mUser Load (0.2ms)[0m  [1m[34mSELECT  "users".* FROM "users" WHERE "users"."id" = $1 LIMIT $2[0m  [["id", 1], ["LIMIT", 1]]
  ↳ app/controllers/users_controller.rb:38
  Rendering users/show.html.erb within layouts/application
  Rendered users/show.html.erb within layouts/application (0.4ms)
  [1m[36mUser Load (0.3ms)[0m  [1m[34mSELECT  "users".* FROM "users" WHERE "users"."session_token" IS NULL LIMIT $1[0m  [["LIMIT", 1]]
  ↳ app/controllers/application_controller.rb:7
  [1m[36mCACHE User Load (0.1ms)[0m  [1m[34mSELECT  "users".* FROM "users" WHERE "users"."session_token" IS NULL LIMIT $1[0m  [["LIMIT", 1]]
  ↳ app/controllers/application_controller.rb:7
Completed 200 OK in 46ms (Views: 26.1ms | ActiveRecord: 10.0ms)


Started GET "/users/1" for ::1 at 2021-08-17 17:20:05 -0700
Processing by UsersController#show as HTML
  Parameters: {"id"=>"1"}
  [1m[36mUser Load (0.5ms)[0m  [1m[34mSELECT  "users".* FROM "users" WHERE "users"."id" = $1 LIMIT $2[0m  [["id", 1], ["LIMIT", 1]]
  ↳ app/controllers/users_controller.rb:38
  Rendering users/show.html.erb within layouts/application
  Rendered users/show.html.erb within layouts/application (0.5ms)
  [1m[36mUser Load (0.9ms)[0m  [1m[34mSELECT  "users".* FROM "users" WHERE "users"."session_token" IS NULL LIMIT $1[0m  [["LIMIT", 1]]
  ↳ app/controllers/application_controller.rb:7
  [1m[36mCACHE User Load (0.0ms)[0m  [1m[34mSELECT  "users".* FROM "users" WHERE "users"."session_token" IS NULL LIMIT $1[0m  [["LIMIT", 1]]
  ↳ app/controllers/application_controller.rb:7
Completed 200 OK in 43ms (Views: 40.5ms | ActiveRecord: 1.4ms)


Started GET "/session/new" for ::1 at 2021-08-17 17:23:40 -0700
Processing by SessionsController#new as HTML
  Rendering sessions/new.html.erb within layouts/application
  Rendered sessions/new.html.erb within layouts/application (0.5ms)
Completed 500 Internal Server Error in 35ms (ActiveRecord: 0.0ms)



RuntimeError - :
  app/views/layouts/application.html.erb:15:in `_app_views_layouts_application_html_erb__2492947881742195344_70267817087980'
  app/controllers/sessions_controller.rb:4:in `new'

Started POST "/__better_errors/f7df2bc95a28c60d/variables" for ::1 at 2021-08-17 17:23:40 -0700
Started POST "/__better_errors/f7df2bc95a28c60d/eval" for ::1 at 2021-08-17 17:23:49 -0700
  [1m[36mUser Load (0.3ms)[0m  [1m[34mSELECT  "users".* FROM "users" WHERE "users"."session_token" IS NULL LIMIT $1[0m  [["LIMIT", 1]]
  ↳ app/controllers/application_controller.rb:7
Started GET "/session/new" for ::1 at 2021-08-17 17:24:22 -0700
Processing by SessionsController#new as HTML
  Rendering sessions/new.html.erb within layouts/application
  Rendered sessions/new.html.erb within layouts/application (0.6ms)
  [1m[36mUser Load (0.2ms)[0m  [1m[34mSELECT  "users".* FROM "users" WHERE "users"."session_token" IS NULL LIMIT $1[0m  [["LIMIT", 1]]
  ↳ app/controllers/application_controller.rb:7
  [1m[36mCACHE User Load (0.0ms)[0m  [1m[34mSELECT  "users".* FROM "users" WHERE "users"."session_token" IS NULL LIMIT $1[0m  [["LIMIT", 1]]
  ↳ app/controllers/application_controller.rb:7
Completed 200 OK in 37ms (Views: 35.4ms | ActiveRecord: 0.2ms)


Started POST "/session" for ::1 at 2021-08-17 17:24:53 -0700
Processing by SessionsController#create as HTML
  Parameters: {"user"=>{"email"=>"LiloandStitch@aloha.com", "password"=>"[FILTERED]"}}
Can't verify CSRF token authenticity.
  [1m[36mUser Load (0.2ms)[0m  [1m[34mSELECT  "users".* FROM "users" WHERE "users"."email" = $1 LIMIT $2[0m  [["email", "LiloandStitch@aloha.com"], ["LIMIT", 1]]
  ↳ app/models/user.rb:12
  [1m[35m (0.2ms)[0m  [1m[35mBEGIN[0m
  ↳ app/models/user.rb:37
  [1m[36mUser Update (0.6ms)[0m  [1m[33mUPDATE "users" SET "session_token" = $1, "updated_at" = $2 WHERE "users"."id" = $3[0m  [["session_token", "SfI5A849XRSGkM7qWVvaEw"], ["updated_at", "2021-08-18 00:24:53.305225"], ["id", 1]]
  ↳ app/models/user.rb:37
  [1m[35m (0.9ms)[0m  [1m[35mCOMMIT[0m
  ↳ app/models/user.rb:37
Redirected to http://localhost:3000/users/1
Completed 302 Found in 274ms (ActiveRecord: 1.9ms)


Started GET "/users/1" for ::1 at 2021-08-17 17:24:53 -0700
Processing by UsersController#show as HTML
  Parameters: {"id"=>"1"}
  [1m[36mUser Load (0.5ms)[0m  [1m[34mSELECT  "users".* FROM "users" WHERE "users"."id" = $1 LIMIT $2[0m  [["id", 1], ["LIMIT", 1]]
  ↳ app/controllers/users_controller.rb:38
  Rendering users/show.html.erb within layouts/application
  Rendered users/show.html.erb within layouts/application (0.5ms)
  [1m[36mUser Load (0.6ms)[0m  [1m[34mSELECT  "users".* FROM "users" WHERE "users"."session_token" IS NULL LIMIT $1[0m  [["LIMIT", 1]]
  ↳ app/controllers/application_controller.rb:7
  [1m[36mCACHE User Load (0.0ms)[0m  [1m[34mSELECT  "users".* FROM "users" WHERE "users"."session_token" IS NULL LIMIT $1[0m  [["LIMIT", 1]]
  ↳ app/controllers/application_controller.rb:7
Completed 500 Internal Server Error in 36ms (ActiveRecord: 1.2ms)



RuntimeError - :
  app/views/layouts/application.html.erb:21:in `_app_views_layouts_application_html_erb__2492947881742195344_70267900654920'
  app/controllers/users_controller.rb:40:in `show'

Started POST "/__better_errors/84b183a45e1b24a3/variables" for ::1 at 2021-08-17 17:24:53 -0700
Started POST "/__better_errors/84b183a45e1b24a3/eval" for ::1 at 2021-08-17 17:25:08 -0700
  [1m[36mUser Load (0.2ms)[0m  [1m[34mSELECT  "users".* FROM "users" WHERE "users"."session_token" IS NULL LIMIT $1[0m  [["LIMIT", 1]]
  ↳ app/controllers/application_controller.rb:7
Started POST "/__better_errors/84b183a45e1b24a3/eval" for ::1 at 2021-08-17 17:25:24 -0700
  [1m[36mUser Load (0.2ms)[0m  [1m[34mSELECT  "users".* FROM "users" WHERE "users"."session_token" IS NULL LIMIT $1[0m  [["LIMIT", 1]]
  ↳ app/controllers/application_controller.rb:7
Started POST "/__better_errors/84b183a45e1b24a3/eval" for ::1 at 2021-08-17 17:25:43 -0700
  [1m[36mUser Load (0.2ms)[0m  [1m[34mSELECT  "users".* FROM "users" WHERE "users"."session_token" IS NULL LIMIT $1[0m  [["LIMIT", 1]]
  ↳ app/controllers/application_controller.rb:7
Started POST "/__better_errors/84b183a45e1b24a3/eval" for ::1 at 2021-08-17 17:25:56 -0700
Started POST "/__better_errors/84b183a45e1b24a3/eval" for ::1 at 2021-08-17 17:26:09 -0700
Started POST "/__better_errors/84b183a45e1b24a3/eval" for ::1 at 2021-08-17 17:26:20 -0700
